

                                 [91mâ•”[39m[91mâ•¦[39m[95mâ•—[39m[95m [39m[94mâ•”[39m[94mâ•[39m[94mâ•—[39m[96m [39m[96mâ•¦[39m[96m [39m[92mâ•”[39m[92mâ•—[39m[93mâ•”[39m[93m [39m
                                 [91m [39m[91mâ•‘[39m[95m [39m[95m [39m[94mâ•‘[39m[94m [39m[94mâ•‘[39m[96m [39m[96mâ•‘[39m[96m [39m[92mâ•‘[39m[92mâ•‘[39m[93mâ•‘[39m[93m [39m
                                 [91m [39m[91mâ•©[39m[95m [39m[95m [39m[94mâ•š[39m[94mâ•[39m[94mâ•[39m[96m [39m[96mâ•©[39m[96m [39m[92mâ•[39m[92mâ•š[39m[93mâ•[39m[93m [39m



                                 [91m [39m[91mâ•”[39m[95mâ•—[39m[95m [39m[94m [39m[94mâ•”[39m[94mâ•[39m[96mâ•—[39m[96m [39m[96mâ•”[39m[92mâ•¦[39m[92mâ•—[39m[93m [39m
                                 [91m [39m[91mâ• [39m[95mâ•©[39m[95mâ•—[39m[94m [39m[94mâ•‘[39m[94m [39m[96mâ•‘[39m[96m [39m[96m [39m[92mâ•‘[39m[92m [39m[93m [39m
                                 [91m [39m[91mâ•š[39m[95mâ•[39m[95mâ•[39m[94m [39m[94mâ•š[39m[94mâ•[39m[96mâ•[39m[96m [39m[96m [39m[92mâ•©[39m[92m [39m[93m [39m


[1;31m~[1;37m> [[1;32mEXEC[1;37m] 09/02 05:40:10 help from 5521995191768 args : 0
[1;31m~[1;37m> [[1;32mEXEC[1;37m] 09/02 05:40:23 sticker from 5521995191768 args : 0
[1;31m~[1;37m> [[1;32mEXEC[1;37m] 09/02 05:41:04 sticker from 553898343621 args : 0
Started : ffmpeg -i ./undefined.jpeg -i undefined.jpeg -y -vcodec libwebp -vf scale='min(320,iw)':min'(320,ih)':force_original_aspect_ratio=decrease,fps=15, pad=320:320:-1:-1:color=white@0.0, split [a][b]; [a] palettegen=reserve_transparent=on:transparency_color=ffffff [p]; [b][p] paletteuse -f webp 4047.webp
Started : ffmpeg -i ./undefined.jpeg -i undefined.jpeg -y -vcodec libwebp -vf scale='min(320,iw)':min'(320,ih)':force_original_aspect_ratio=decrease,fps=15, pad=320:320:-1:-1:color=white@0.0, split [a][b]; [a] palettegen=reserve_transparent=on:transparency_color=ffffff [p]; [b][p] paletteuse -f webp 4975.webp
Finish
Finish


                                 [91mâ•”[39m[91mâ•¦[39m[95mâ•—[39m[95m [39m[94mâ•”[39m[94mâ•[39m[94mâ•—[39m[96m [39m[96mâ•¦[39m[96m [39m[92mâ•”[39m[92mâ•—[39m[93mâ•”[39m[93m [39m
                                 [91m [39m[91mâ•‘[39m[95m [39m[95m [39m[94mâ•‘[39m[94m [39m[94mâ•‘[39m[96m [39m[96mâ•‘[39m[96m [39m[92mâ•‘[39m[92mâ•‘[39m[93mâ•‘[39m[93m [39m
                                 [91m [39m[91mâ•©[39m[95m [39m[95m [39m[94mâ•š[39m[94mâ•[39m[94mâ•[39m[96m [39m[96mâ•©[39m[96m [39m[92mâ•[39m[92mâ•š[39m[93mâ•[39m[93m [39m



                                 [91m [39m[91mâ•”[39m[95mâ•—[39m[95m [39m[94m [39m[94mâ•”[39m[94mâ•[39m[96mâ•—[39m[96m [39m[96mâ•”[39m[92mâ•¦[39m[92mâ•—[39m[93m [39m
                                 [91m [39m[91mâ• [39m[95mâ•©[39m[95mâ•—[39m[94m [39m[94mâ•‘[39m[94m [39m[96mâ•‘[39m[96m [39m[96m [39m[92mâ•‘[39m[92m [39m[93m [39m
                                 [91m [39m[91mâ•š[39m[95mâ•[39m[95mâ•[39m[94m [39m[94mâ•š[39m[94mâ•[39m[96mâ•[39m[96m [39m[96m [39m[92mâ•©[39m[92m [39m[93m [39m


[1;31m~[1;37m> [[1;31mRECV[1;37m] 09/02 05:42:06 Message from 553898402324 args : 0
[WARN] Unregistered Command from 553898402324
[1;31m~[1;37m> [[1;31mRECV[1;37m] 09/02 05:42:22 Message from 559291457104 args : 0
[WARN] Unregistered Command from 559291457104
[1;31m~[1;37m> [[1;31mRECV[1;37m] 09/02 05:42:23 Message from 559291457104 args : 0
[WARN] Unregistered Command from 559291457104
[1;31m~[1;37m> [[1;32mEXEC[1;37m] 09/02 05:42:58 sticker from 553898402324 args : 0
Started : ffmpeg -f mp4 -i ./undefined.mp4 -y -vcodec libwebp -vf scale='min(320,iw)':min'(320,ih)':force_original_aspect_ratio=decrease,fps=15, pad=320:320:-1:-1:color=white@0.0, split [a][b]; [a] palettegen=reserve_transparent=on:transparency_color=ffffff [p]; [b][p] paletteuse -f webp 7786.webp
Finish


                                 [91mâ•”[39m[91mâ•¦[39m[95mâ•—[39m[95m [39m[94mâ•”[39m[94mâ•[39m[94mâ•—[39m[96m [39m[96mâ•¦[39m[96m [39m[92mâ•”[39m[92mâ•—[39m[93mâ•”[39m[93m [39m
                                 [91m [39m[91mâ•‘[39m[95m [39m[95m [39m[94mâ•‘[39m[94m [39m[94mâ•‘[39m[96m [39m[96mâ•‘[39m[96m [39m[92mâ•‘[39m[92mâ•‘[39m[93mâ•‘[39m[93m [39m
                                 [91m [39m[91mâ•©[39m[95m [39m[95m [39m[94mâ•š[39m[94mâ•[39m[94mâ•[39m[96m [39m[96mâ•©[39m[96m [39m[92mâ•[39m[92mâ•š[39m[93mâ•[39m[93m [39m



                                 [91m [39m[91mâ•”[39m[95mâ•—[39m[95m [39m[94m [39m[94mâ•”[39m[94mâ•[39m[96mâ•—[39m[96m [39m[96mâ•”[39m[92mâ•¦[39m[92mâ•—[39m[93m [39m
                                 [91m [39m[91mâ• [39m[95mâ•©[39m[95mâ•—[39m[94m [39m[94mâ•‘[39m[94m [39m[96mâ•‘[39m[96m [39m[96m [39m[92mâ•‘[39m[92m [39m[93m [39m
                                 [91m [39m[91mâ•š[39m[95mâ•[39m[95mâ•[39m[94m [39m[94mâ•š[39m[94mâ•[39m[96mâ•[39m[96m [39m[96m [39m[92mâ•©[39m[92m [39m[93m [39m




                                 [91mâ•”[39m[91mâ•¦[39m[95mâ•—[39m[95m [39m[94mâ•”[39m[94mâ•[39m[94mâ•—[39m[96m [39m[96mâ•¦[39m[96m [39m[92mâ•”[39m[92mâ•—[39m[93mâ•”[39m[93m [39m
                                 [91m [39m[91mâ•‘[39m[95m [39m[95m [39m[94mâ•‘[39m[94m [39m[94mâ•‘[39m[96m [39m[96mâ•‘[39m[96m [39m[92mâ•‘[39m[92mâ•‘[39m[93mâ•‘[39m[93m [39m
                                 [91m [39m[91mâ•©[39m[95m [39m[95m [39m[94mâ•š[39m[94mâ•[39m[94mâ•[39m[96m [39m[96mâ•©[39m[96m [39m[92mâ•[39m[92mâ•š[39m[93mâ•[39m[93m [39m



                                 [91m [39m[91mâ•”[39m[95mâ•—[39m[95m [39m[94m [39m[94mâ•”[39m[94mâ•[39m[96mâ•—[39m[96m [39m[96mâ•”[39m[92mâ•¦[39m[92mâ•—[39m[93m [39m
                                 [91m [39m[91mâ• [39m[95mâ•©[39m[95mâ•—[39m[94m [39m[94mâ•‘[39m[94m [39m[96mâ•‘[39m[96m [39m[96m [39m[92mâ•‘[39m[92m [39m[93m [39m
                                 [91m [39m[91mâ•š[39m[95mâ•[39m[95mâ•[39m[94m [39m[94mâ•š[39m[94mâ•[39m[96mâ•[39m[96m [39m[96m [39m[92mâ•©[39m[92m [39m[93m [39m


